[debug] [2024-08-09T09:33:08.326Z] ----------------------------------------------------------------------
[debug] [2024-08-09T09:33:08.329Z] Command:       C:\Program Files (x86)\nodejs\node.exe C:\Users\alghi\AppData\Roaming\npm\node_modules\firebase-tools\lib\bin\firebase.js init
[debug] [2024-08-09T09:33:08.330Z] CLI Version:   13.15.0
[debug] [2024-08-09T09:33:08.330Z] Platform:      win32
[debug] [2024-08-09T09:33:08.330Z] Node Version:  v20.10.0
[debug] [2024-08-09T09:33:08.330Z] Time:          Fri Aug 09 2024 16:33:08 GMT+0700 (Western Indonesia Time)
[debug] [2024-08-09T09:33:08.330Z] ----------------------------------------------------------------------
[debug] 
[debug] [2024-08-09T09:33:08.339Z] > command requires scopes: ["email","openid","https://www.googleapis.com/auth/cloudplatformprojects.readonly","https://www.googleapis.com/auth/firebase","https://www.googleapis.com/auth/cloud-platform"]
[debug] [2024-08-09T09:33:08.340Z] > authorizing via signed-in user (alghifarifurqan03@gmail.com)
[info] 
     ######## #### ########  ######## ########     ###     ######  ########
     ##        ##  ##     ## ##       ##     ##  ##   ##  ##       ##
     ######    ##  ########  ######   ########  #########  ######  ######
     ##        ##  ##    ##  ##       ##     ## ##     ##       ## ##
     ##       #### ##     ## ######## ########  ##     ##  ######  ########

You're about to initialize a Firebase project in this directory:

  C:\Users\alghi\Downloads\personal portofolio

[info] 
=== Project Setup
[info] 
[info] First, let's associate this project directory with a Firebase project.
[info] You can create multiple project aliases by running firebase use --add, 
[info] but for now we'll just set up a default project.
[info] 
[debug] [2024-08-09T09:34:18.535Z] >>> [apiv2][query] GET https://firebase.googleapis.com/v1beta1/projects pageSize=100
[debug] [2024-08-09T09:34:19.403Z] <<< [apiv2][status] GET https://firebase.googleapis.com/v1beta1/projects 200
[debug] [2024-08-09T09:34:19.403Z] <<< [apiv2][body] GET https://firebase.googleapis.com/v1beta1/projects [omitted]
[info] i  Using project portofolio-b64fa (portofolio) 
[info] 
=== Hosting Setup
[debug] [2024-08-09T09:34:23.948Z] >>> [apiv2][query] GET https://firebase.googleapis.com/v1beta1/projects/portofolio-b64fa [none]
[debug] [2024-08-09T09:34:24.260Z] <<< [apiv2][status] GET https://firebase.googleapis.com/v1beta1/projects/portofolio-b64fa 200
[debug] [2024-08-09T09:34:24.260Z] <<< [apiv2][body] GET https://firebase.googleapis.com/v1beta1/projects/portofolio-b64fa {"projectId":"portofolio-b64fa","projectNumber":"972902685048","displayName":"portofolio","name":"projects/portofolio-b64fa","resources":{"hostingSite":"portofolio-b64fa"},"state":"ACTIVE","etag":"1_8f5a7569-7cd0-4fbb-9d83-3c8c5b0e339c"}
[info] 
[info] Your public directory is the folder (relative to your project directory) that
[info] will contain Hosting assets to be uploaded with firebase deploy. If you
[info] have a build process for your assets, use your build's output directory.
[info] 
[debug] [2024-08-09T09:36:30.240Z] >>> [apiv2][query] GET https://www.gstatic.com/firebasejs/releases.json [none]
[debug] [2024-08-09T09:36:30.374Z] <<< [apiv2][status] GET https://www.gstatic.com/firebasejs/releases.json 200
[debug] [2024-08-09T09:36:30.374Z] <<< [apiv2][body] GET https://www.gstatic.com/firebasejs/releases.json {"current":{"version":"10.12.5","browserURL":"https://www.gstatic.com/firebasejs/10.12.5/firebase.js","packageURL":"https://www.gstatic.com/firebasejs/10.12.5/firebase.tgz"},"live":{"version":"10.12","browserURL":"https://www.gstatic.com/firebasejs/live/10.12/firebase.js","packageURL":"https://www.gstatic.com/firebasejs/live/10.12/firebase.tgz"},"components":{"analytics":"https://www.gstatic.com/firebasejs/10.12.5/firebase-analytics.js","app":"https://www.gstatic.com/firebasejs/10.12.5/firebase-app.js","app-check":"https://www.gstatic.com/firebasejs/10.12.5/firebase-app-check.js","auth":"https://www.gstatic.com/firebasejs/10.12.5/firebase-auth.js","auth/cordova":"https://www.gstatic.com/firebasejs/10.12.5/firebase-auth/cordova.js","auth/web-extension":"https://www.gstatic.com/firebasejs/10.12.5/firebase-auth/web-extension.js","functions":"https://www.gstatic.com/firebasejs/10.12.5/firebase-functions.js","firestore":"https://www.gstatic.com/firebasejs/10.12.5/firebase-firestore.js","firestore/lite":"https://www.gstatic.com/firebasejs/10.12.5/firebase-firestore/lite.js","installations":"https://www.gstatic.com/firebasejs/10.12.5/firebase-installations.js","storage":"https://www.gstatic.com/firebasejs/10.12.5/firebase-storage.js","performance":"https://www.gstatic.com/firebasejs/10.12.5/firebase-performance.js","remote-config":"https://www.gstatic.com/firebasejs/10.12.5/firebase-remote-config.js","messaging":"https://www.gstatic.com/firebasejs/10.12.5/firebase-messaging.js","messaging/sw":"https://www.gstatic.com/firebasejs/10.12.5/firebase-messaging/sw.js","database":"https://www.gstatic.com/firebasejs/10.12.5/firebase-database.js","vertexai-preview":"https://www.gstatic.com/firebasejs/10.12.5/firebase-vertexai-preview.js","firestore.memory":"https://www.gstatic.com/firebasejs/10.12.5/firebase-firestore.memory.js"}}
[info] i  Skipping write of public/index.html 
[info] 
[info] i  Detected a .git folder at C:\Users\alghi\Downloads\personal portofolio 
[info] i  Authorizing with GitHub to upload your service account to a GitHub repository's secrets store. 
[info] 
[info] Visit this URL on this device to log in:
[info] https://github.com/login/oauth/authorize?client_id=89cf50f02ac6aaed3484&state=49397317&redirect_uri=http%3A%2F%2Flocalhost%3A9005&scope=read%3Auser%20repo%20public_repo
[info] 
[info] Waiting for authentication...
[debug] [2024-08-09T09:37:06.451Z] >>> [apiv2][query] POST https://github.com/login/oauth/access_token [none]
[debug] [2024-08-09T09:37:06.451Z] >>> [apiv2][body] POST https://github.com/login/oauth/access_token [stream]
[debug] [2024-08-09T09:37:07.010Z] <<< [apiv2][status] POST https://github.com/login/oauth/access_token 200
[debug] [2024-08-09T09:37:07.010Z] <<< [apiv2][body] POST https://github.com/login/oauth/access_token {"access_token":"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","token_type":"bearer","scope":"read:user,repo"}
[debug] [2024-08-09T09:37:07.020Z] >>> [apiv2][query] GET https://api.github.com/user [none]
[debug] [2024-08-09T09:37:07.726Z] <<< [apiv2][status] GET https://api.github.com/user 200
[debug] [2024-08-09T09:37:07.726Z] <<< [apiv2][body] GET https://api.github.com/user {"login":"furqanx","id":114077972,"node_id":"U_kgDOBsyxFA","avatar_url":"https://avatars.githubusercontent.com/u/114077972?v=4","gravatar_id":"","url":"https://api.github.com/users/furqanx","html_url":"https://github.com/furqanx","followers_url":"https://api.github.com/users/furqanx/followers","following_url":"https://api.github.com/users/furqanx/following{/other_user}","gists_url":"https://api.github.com/users/furqanx/gists{/gist_id}","starred_url":"https://api.github.com/users/furqanx/starred{/owner}{/repo}","subscriptions_url":"https://api.github.com/users/furqanx/subscriptions","organizations_url":"https://api.github.com/users/furqanx/orgs","repos_url":"https://api.github.com/users/furqanx/repos","events_url":"https://api.github.com/users/furqanx/events{/privacy}","received_events_url":"https://api.github.com/users/furqanx/received_events","type":"User","site_admin":false,"name":"Furqan Al Ghifari Zulva","company":"Syiah Kuala University","blog":"","location":"Banda Aceh, Aceh","email":null,"hireable":null,"bio":null,"twitter_username":null,"notification_email":null,"public_repos":13,"public_gists":0,"followers":6,"following":12,"created_at":"2022-09-21T12:21:11Z","updated_at":"2024-08-02T12:39:35Z","private_gists":0,"total_private_repos":0,"owned_private_repos":0,"disk_usage":26442,"collaborators":0,"two_factor_authentication":false,"plan":{"name":"pro","space":976562499,"collaborators":0,"private_repos":9999}}
[info] 
[info] +  Success! Logged into GitHub as furqanx 
[info] 
[debug] [2024-08-09T09:37:49.839Z] >>> [apiv2][query] GET https://api.github.com/repos/furqanx/portofolio/actions/secrets/public-key type=owner
[debug] [2024-08-09T09:37:50.289Z] <<< [apiv2][status] GET https://api.github.com/repos/furqanx/portofolio/actions/secrets/public-key 404
[debug] [2024-08-09T09:37:50.290Z] <<< [apiv2][body] GET https://api.github.com/repos/furqanx/portofolio/actions/secrets/public-key {"message":"Not Found","documentation_url":"https://docs.github.com/rest/actions/secrets#get-a-repository-public-key","status":"404"}
[info] 
[info] 
[error] !  The provided authorization cannot be used with this repository. If this repository is in an organization, did you remember to grant access? 
[info] 
[info] i  Action required: Visit this URL to ensure access has been granted to the appropriate organization(s) for the Firebase CLI GitHub OAuth App: 
[info] https://github.com/settings/connections/applications/89cf50f02ac6aaed3484
[info] 
[debug] [2024-08-09T09:38:25.840Z] >>> [apiv2][query] GET https://api.github.com/repos/furqanx/portofolio/actions/secrets/public-key type=owner
[debug] [2024-08-09T09:38:26.345Z] <<< [apiv2][status] GET https://api.github.com/repos/furqanx/portofolio/actions/secrets/public-key 404
[debug] [2024-08-09T09:38:26.346Z] <<< [apiv2][body] GET https://api.github.com/repos/furqanx/portofolio/actions/secrets/public-key {"message":"Not Found","documentation_url":"https://docs.github.com/rest/actions/secrets#get-a-repository-public-key","status":"404"}
[info] 
[info] 
[error] !  The provided authorization cannot be used with this repository. If this repository is in an organization, did you remember to grant access? 
[info] 
[info] i  Action required: Visit this URL to ensure access has been granted to the appropriate organization(s) for the Firebase CLI GitHub OAuth App: 
[info] https://github.com/settings/connections/applications/89cf50f02ac6aaed3484
[info] 
